[15Apr2025 22:32:11.978] [main/INFO] [cpw.mods.modlauncher.Launcher/MODLAUNCHER]: ModLauncher running: args [--launchTarget, forgeserver, --fml.forgeVersion, 45.3.3, --fml.mcVersion, 1.19.4, --fml.forgeGroup, net.minecraftforge, --fml.mcpVersion, 20230314.122934, nogui]
[15Apr2025 22:32:11.982] [main/INFO] [cpw.mods.modlauncher.Launcher/MODLAUNCHER]: ModLauncher 10.0.8+10.0.8+main.0ef7e830 starting: java version 17.0.14 by Ubuntu; OS Linux arch amd64 version 6.8.0-1021-azure
[15Apr2025 22:32:12.005] [main/DEBUG] [cpw.mods.modlauncher.LaunchServiceHandler/MODLAUNCHER]: Found launch services [fmlclientdev,forgeclient,minecraft,forgegametestserverdev,fmlserveruserdev,fmlclient,fmldatauserdev,forgeserverdev,forgeserveruserdev,forgeclientdev,forgeclientuserdev,forgeserver,forgedatadev,fmlserver,fmlclientuserdev,fmlserverdev,forgedatauserdev,testharness,forgegametestserveruserdev]
[15Apr2025 22:32:12.016] [main/DEBUG] [cpw.mods.modlauncher.NameMappingServiceHandler/MODLAUNCHER]: Found naming services : [srgtomcp]
[15Apr2025 22:32:12.029] [main/DEBUG] [cpw.mods.modlauncher.LaunchPluginHandler/MODLAUNCHER]: Found launch plugins: [mixin,eventbus,slf4jfixer,object_holder_definalize,runtime_enum_extender,capability_token_subclass,accesstransformer,runtimedistcleaner]
[15Apr2025 22:32:12.039] [main/DEBUG] [cpw.mods.modlauncher.TransformationServicesHandler/MODLAUNCHER]: Discovering transformation services
[15Apr2025 22:32:12.066] [main/DEBUG] [cpw.mods.modlauncher.TransformationServicesHandler/MODLAUNCHER]: Found additional transformation services from discovery services: 
[15Apr2025 22:32:12.074] [main/DEBUG] [cpw.mods.modlauncher.TransformationServicesHandler/MODLAUNCHER]: Found transformer services : [mixin,fml]
[15Apr2025 22:32:12.075] [main/DEBUG] [cpw.mods.modlauncher.TransformationServicesHandler/MODLAUNCHER]: Transformation services loading
[15Apr2025 22:32:12.075] [main/DEBUG] [cpw.mods.modlauncher.TransformationServiceDecorator/MODLAUNCHER]: Loading service mixin
[15Apr2025 22:32:12.075] [main/DEBUG] [cpw.mods.modlauncher.TransformationServiceDecorator/MODLAUNCHER]: Loaded service mixin
[15Apr2025 22:32:12.076] [main/DEBUG] [cpw.mods.modlauncher.TransformationServiceDecorator/MODLAUNCHER]: Loading service fml
[15Apr2025 22:32:12.077] [main/DEBUG] [net.minecraftforge.fml.loading.LauncherVersion/CORE]: Found FMLLauncher version 1.0
[15Apr2025 22:32:12.078] [main/DEBUG] [net.minecraftforge.fml.loading.FMLLoader/CORE]: FML 1.0 loading
[15Apr2025 22:32:12.078] [main/DEBUG] [net.minecraftforge.fml.loading.FMLLoader/CORE]: FML found ModLauncher version : 10.0.8+10.0.8+main.0ef7e830
[15Apr2025 22:32:12.078] [main/DEBUG] [net.minecraftforge.fml.loading.FMLLoader/CORE]: FML found AccessTransformer version : 8.0.4+66+master.c09db6d7
[15Apr2025 22:32:12.078] [main/DEBUG] [net.minecraftforge.fml.loading.FMLLoader/CORE]: FML found EventBus version : 6.0.3+6.0.3+master.039e4ea9
[15Apr2025 22:32:12.079] [main/DEBUG] [net.minecraftforge.fml.loading.FMLLoader/CORE]: Found Runtime Dist Cleaner
[15Apr2025 22:32:12.080] [main/DEBUG] [net.minecraftforge.fml.loading.FMLLoader/CORE]: FML found CoreMod version : 5.0.1+15+master.dc5a2922
[15Apr2025 22:32:12.080] [main/DEBUG] [net.minecraftforge.fml.loading.FMLLoader/CORE]: Found ForgeSPI package implementation version 6.0.0+6.0.0+master.42474703
[15Apr2025 22:32:12.080] [main/DEBUG] [net.minecraftforge.fml.loading.FMLLoader/CORE]: Found ForgeSPI package specification 5
[15Apr2025 22:32:12.082] [main/DEBUG] [cpw.mods.modlauncher.TransformationServiceDecorator/MODLAUNCHER]: Loaded service fml
[15Apr2025 22:32:12.083] [main/DEBUG] [cpw.mods.modlauncher.TransformationServicesHandler/MODLAUNCHER]: Configuring option handling for services
[15Apr2025 22:32:12.089] [main/DEBUG] [cpw.mods.modlauncher.TransformationServicesHandler/MODLAUNCHER]: Transformation services initializing
[15Apr2025 22:32:12.090] [main/DEBUG] [cpw.mods.modlauncher.TransformationServiceDecorator/MODLAUNCHER]: Initializing transformation service mixin
[15Apr2025 22:32:12.106] [main/DEBUG] [mixin/]: MixinService [ModLauncher] was successfully booted in cpw.mods.cl.ModuleClassLoader@59e5ddf
[15Apr2025 22:32:12.127] [main/INFO] [mixin/]: SpongePowered MIXIN Subsystem Version=0.8.5 Source=union:/workspaces/cubeVDI/servidor_minecraft/libraries/org/spongepowered/mixin/0.8.5/mixin-0.8.5.jar%2363!/ Service=ModLauncher Env=SERVER
[15Apr2025 22:32:12.131] [main/DEBUG] [mixin/]: Initialising Mixin Platform Manager
[15Apr2025 22:32:12.131] [main/DEBUG] [mixin/]: Adding mixin platform agents for container ModLauncher Root Container(ModLauncher:4f56a0a2)
[15Apr2025 22:32:12.131] [main/DEBUG] [mixin/]: Instancing new MixinPlatformAgentMinecraftForge for ModLauncher Root Container(ModLauncher:4f56a0a2)
[15Apr2025 22:32:12.132] [main/DEBUG] [mixin/]: MixinPlatformAgentMinecraftForge rejected container ModLauncher Root Container(ModLauncher:4f56a0a2)
[15Apr2025 22:32:12.132] [main/DEBUG] [mixin/]: Instancing new MixinPlatformAgentDefault for ModLauncher Root Container(ModLauncher:4f56a0a2)
[15Apr2025 22:32:12.132] [main/DEBUG] [mixin/]: MixinPlatformAgentDefault accepted container ModLauncher Root Container(ModLauncher:4f56a0a2)
[15Apr2025 22:32:12.135] [main/DEBUG] [cpw.mods.modlauncher.TransformationServiceDecorator/MODLAUNCHER]: Initialized transformation service mixin
[15Apr2025 22:32:12.136] [main/DEBUG] [cpw.mods.modlauncher.TransformationServiceDecorator/MODLAUNCHER]: Initializing transformation service fml
[15Apr2025 22:32:12.136] [main/DEBUG] [net.minecraftforge.fml.loading.FMLServiceProvider/CORE]: Setting up basic FML game directories
[15Apr2025 22:32:12.136] [main/DEBUG] [net.minecraftforge.fml.loading.FMLPaths/CORE]: Path GAMEDIR is /workspaces/cubeVDI/servidor_minecraft
[15Apr2025 22:32:12.136] [main/DEBUG] [net.minecraftforge.fml.loading.FMLPaths/CORE]: Path MODSDIR is /workspaces/cubeVDI/servidor_minecraft/mods
[15Apr2025 22:32:12.136] [main/DEBUG] [net.minecraftforge.fml.loading.FMLPaths/CORE]: Path CONFIGDIR is /workspaces/cubeVDI/servidor_minecraft/config
[15Apr2025 22:32:12.137] [main/DEBUG] [net.minecraftforge.fml.loading.FMLPaths/CORE]: Path FMLCONFIG is /workspaces/cubeVDI/servidor_minecraft/config/fml.toml
[15Apr2025 22:32:12.137] [main/DEBUG] [net.minecraftforge.fml.loading.FMLServiceProvider/CORE]: Loading configuration
[15Apr2025 22:32:12.170] [main/DEBUG] [net.minecraftforge.fml.loading.FMLServiceProvider/CORE]: Preparing ModFile
[15Apr2025 22:32:12.173] [main/DEBUG] [net.minecraftforge.fml.loading.FMLServiceProvider/CORE]: Preparing launch handler
[15Apr2025 22:32:12.173] [main/DEBUG] [net.minecraftforge.fml.loading.FMLLoader/CORE]: Using forgeserver as launch service
[15Apr2025 22:32:12.191] [main/DEBUG] [net.minecraftforge.fml.loading.FMLLoader/CORE]: Received command line version data  : VersionInfo[forgeVersion=45.3.3, mcVersion=1.19.4, mcpVersion=20230314.122934, forgeGroup=net.minecraftforge]
[15Apr2025 22:32:12.193] [main/DEBUG] [cpw.mods.modlauncher.TransformationServiceDecorator/MODLAUNCHER]: Initialized transformation service fml
[15Apr2025 22:32:12.194] [main/DEBUG] [cpw.mods.modlauncher.NameMappingServiceHandler/MODLAUNCHER]: Current naming domain is 'srg'
[15Apr2025 22:32:12.194] [main/DEBUG] [cpw.mods.modlauncher.NameMappingServiceHandler/MODLAUNCHER]: Identified name mapping providers {}
[15Apr2025 22:32:12.194] [main/DEBUG] [cpw.mods.modlauncher.TransformationServicesHandler/MODLAUNCHER]: Transformation services begin scanning
[15Apr2025 22:32:12.195] [main/DEBUG] [cpw.mods.modlauncher.TransformationServiceDecorator/MODLAUNCHER]: Beginning scan trigger - transformation service mixin
[15Apr2025 22:32:12.195] [main/DEBUG] [cpw.mods.modlauncher.TransformationServiceDecorator/MODLAUNCHER]: End scan trigger - transformation service mixin
[15Apr2025 22:32:12.196] [main/DEBUG] [cpw.mods.modlauncher.TransformationServiceDecorator/MODLAUNCHER]: Beginning scan trigger - transformation service fml
[15Apr2025 22:32:12.196] [main/DEBUG] [net.minecraftforge.fml.loading.FMLServiceProvider/CORE]: Initiating mod scan
[15Apr2025 22:32:12.205] [main/DEBUG] [net.minecraftforge.fml.loading.moddiscovery.ModListHandler/CORE]: Found mod coordinates from lists: []
[15Apr2025 22:32:12.209] [main/DEBUG] [net.minecraftforge.fml.loading.moddiscovery.ModDiscoverer/CORE]: Found Mod Locators : (mods folder:null),(maven libs:null),(exploded directory:null),(minecraft:null),(userdev classpath:null)
[15Apr2025 22:32:12.209] [main/DEBUG] [net.minecraftforge.fml.loading.moddiscovery.ModDiscoverer/CORE]: Found Dependency Locators : (JarInJar:null)
[15Apr2025 22:32:12.214] [main/DEBUG] [net.minecraftforge.fml.loading.moddiscovery.ModFileParser/LOADING]: Considering mod file candidate /workspaces/cubeVDI/servidor_minecraft/mods/chat_heads-0.13.7-forge-1.19.4.jar
[15Apr2025 22:32:12.258] [main/DEBUG] [net.minecraftforge.fml.loading.moddiscovery.ModFileInfo/LOADING]: Found valid mod file chat_heads-0.13.7-forge-1.19.4.jar with {chat_heads} mods - versions {0.13.7}
[15Apr2025 22:32:12.260] [main/DEBUG] [net.minecraftforge.fml.loading.moddiscovery.ModFileParser/LOADING]: Considering mod file candidate /workspaces/cubeVDI/servidor_minecraft/mods/jei-1.19.4-forge-13.1.0.19.jar
[15Apr2025 22:32:12.262] [main/DEBUG] [net.minecraftforge.fml.loading.moddiscovery.ModFileInfo/LOADING]: Found valid mod file jei-1.19.4-forge-13.1.0.19.jar with {jei} mods - versions {13.1.0.19}
[15Apr2025 22:32:12.263] [main/DEBUG] [net.minecraftforge.fml.loading.moddiscovery.ModFileParser/LOADING]: Considering mod file candidate /workspaces/cubeVDI/servidor_minecraft/mods/YungsBetterDungeons-1.19.4-Forge-3.4.0.jar
[15Apr2025 22:32:12.265] [main/DEBUG] [net.minecraftforge.fml.loading.moddiscovery.ModFileInfo/LOADING]: Found valid mod file YungsBetterDungeons-1.19.4-Forge-3.4.0.jar with {betterdungeons} mods - versions {1.19.4-Forge-3.4.0}
[15Apr2025 22:32:12.266] [main/DEBUG] [net.minecraftforge.fml.loading.moddiscovery.ModFileParser/LOADING]: Considering mod file candidate /workspaces/cubeVDI/servidor_minecraft/mods/YungsBetterEndIsland-1.19.4-Forge-1.1.jar
[15Apr2025 22:32:12.267] [main/DEBUG] [net.minecraftforge.fml.loading.moddiscovery.ModFileInfo/LOADING]: Found valid mod file YungsBetterEndIsland-1.19.4-Forge-1.1.jar with {betterendisland} mods - versions {1.19.4-Forge-1.1}
[15Apr2025 22:32:12.268] [main/DEBUG] [net.minecraftforge.fml.loading.moddiscovery.ModFileParser/LOADING]: Considering mod file candidate /workspaces/cubeVDI/servidor_minecraft/mods/YungsBetterNetherFortresses-1.19.4-Forge-1.2.0.jar
[15Apr2025 22:32:12.269] [main/DEBUG] [net.minecraftforge.fml.loading.moddiscovery.ModFileInfo/LOADING]: Found valid mod file YungsBetterNetherFortresses-1.19.4-Forge-1.2.0.jar with {betterfortresses} mods - versions {1.19.4-Forge-1.2.0}
[15Apr2025 22:32:12.398] [main/DEBUG] [net.minecraftforge.fml.loading.moddiscovery.ModFileInfo/LOADING]: Found valid mod file server-1.19.4-20230314.122934-srg.jar with {minecraft} mods - versions {1.19.4}
[15Apr2025 22:32:12.402] [main/DEBUG] [net.minecraftforge.fml.loading.moddiscovery.ModFileParser/LOADING]: Considering mod file candidate /workspaces/cubeVDI/servidor_minecraft/libraries/net/minecraftforge/fmlcore/1.19.4-45.3.3/fmlcore-1.19.4-45.3.3.jar
[15Apr2025 22:32:12.403] [main/WARN] [net.minecraftforge.fml.loading.moddiscovery.ModFileParser/LOADING]: Mod file /workspaces/cubeVDI/servidor_minecraft/libraries/net/minecraftforge/fmlcore/1.19.4-45.3.3/fmlcore-1.19.4-45.3.3.jar is missing mods.toml file
[15Apr2025 22:32:12.404] [main/DEBUG] [net.minecraftforge.fml.loading.moddiscovery.ModFileParser/LOADING]: Considering mod file candidate /workspaces/cubeVDI/servidor_minecraft/libraries/net/minecraftforge/javafmllanguage/1.19.4-45.3.3/javafmllanguage-1.19.4-45.3.3.jar
[15Apr2025 22:32:12.404] [main/WARN] [net.minecraftforge.fml.loading.moddiscovery.ModFileParser/LOADING]: Mod file /workspaces/cubeVDI/servidor_minecraft/libraries/net/minecraftforge/javafmllanguage/1.19.4-45.3.3/javafmllanguage-1.19.4-45.3.3.jar is missing mods.toml file
[15Apr2025 22:32:12.406] [main/DEBUG] [net.minecraftforge.fml.loading.moddiscovery.ModFileParser/LOADING]: Considering mod file candidate /workspaces/cubeVDI/servidor_minecraft/libraries/net/minecraftforge/lowcodelanguage/1.19.4-45.3.3/lowcodelanguage-1.19.4-45.3.3.jar
[15Apr2025 22:32:12.406] [main/WARN] [net.minecraftforge.fml.loading.moddiscovery.ModFileParser/LOADING]: Mod file /workspaces/cubeVDI/servidor_minecraft/libraries/net/minecraftforge/lowcodelanguage/1.19.4-45.3.3/lowcodelanguage-1.19.4-45.3.3.jar is missing mods.toml file
[15Apr2025 22:32:12.407] [main/DEBUG] [net.minecraftforge.fml.loading.moddiscovery.ModFileParser/LOADING]: Considering mod file candidate /workspaces/cubeVDI/servidor_minecraft/libraries/net/minecraftforge/mclanguage/1.19.4-45.3.3/mclanguage-1.19.4-45.3.3.jar
[15Apr2025 22:32:12.408] [main/WARN] [net.minecraftforge.fml.loading.moddiscovery.ModFileParser/LOADING]: Mod file /workspaces/cubeVDI/servidor_minecraft/libraries/net/minecraftforge/mclanguage/1.19.4-45.3.3/mclanguage-1.19.4-45.3.3.jar is missing mods.toml file
[15Apr2025 22:32:12.451] [main/DEBUG] [net.minecraftforge.fml.loading.moddiscovery.ModFileParser/LOADING]: Considering mod file candidate /workspaces/cubeVDI/servidor_minecraft/libraries/net/minecraftforge/forge/1.19.4-45.3.3/forge-1.19.4-45.3.3-universal.jar
[15Apr2025 22:32:12.452] [main/DEBUG] [net.minecraftforge.fml.loading.moddiscovery.ModFileInfo/LOADING]: Found valid mod file forge-1.19.4-45.3.3-universal.jar with {forge} mods - versions {45.3.3}
[15Apr2025 22:32:12.464] [main/DEBUG] [net.minecraftforge.fml.loading.moddiscovery.AbstractJarFileDependencyLocator/]: Failed to load resource META-INF/jarjar/metadata.json from server-1.19.4-20230314.122934-srg.jar, it does not contain dependency information.
[15Apr2025 22:32:12.464] [main/DEBUG] [net.minecraftforge.fml.loading.moddiscovery.AbstractJarFileDependencyLocator/]: Failed to load resource META-INF/jarjar/metadata.json from YungsBetterEndIsland-1.19.4-Forge-1.1.jar, it does not contain dependency information.
[15Apr2025 22:32:12.464] [main/DEBUG] [net.minecraftforge.fml.loading.moddiscovery.AbstractJarFileDependencyLocator/]: Failed to load resource META-INF/jarjar/metadata.json from YungsBetterDungeons-1.19.4-Forge-3.4.0.jar, it does not contain dependency information.
[15Apr2025 22:32:12.464] [main/DEBUG] [net.minecraftforge.fml.loading.moddiscovery.AbstractJarFileDependencyLocator/]: Failed to load resource META-INF/jarjar/metadata.json from YungsBetterNetherFortresses-1.19.4-Forge-1.2.0.jar, it does not contain dependency information.
[15Apr2025 22:32:12.464] [main/DEBUG] [net.minecraftforge.fml.loading.moddiscovery.AbstractJarFileDependencyLocator/]: Failed to load resource META-INF/jarjar/metadata.json from forge-1.19.4-45.3.3-universal.jar, it does not contain dependency information.
[15Apr2025 22:32:12.465] [main/DEBUG] [net.minecraftforge.fml.loading.moddiscovery.AbstractJarFileDependencyLocator/]: Failed to load resource META-INF/jarjar/metadata.json from jei-1.19.4-forge-13.1.0.19.jar, it does not contain dependency information.
[15Apr2025 22:32:12.465] [main/DEBUG] [net.minecraftforge.fml.loading.moddiscovery.AbstractJarFileDependencyLocator/]: Failed to load resource META-INF/jarjar/metadata.json from mclanguage-1.19.4-45.3.3.jar, it does not contain dependency information.
[15Apr2025 22:32:12.465] [main/DEBUG] [net.minecraftforge.fml.loading.moddiscovery.AbstractJarFileDependencyLocator/]: Failed to load resource META-INF/jarjar/metadata.json from javafmllanguage-1.19.4-45.3.3.jar, it does not contain dependency information.
[15Apr2025 22:32:12.465] [main/DEBUG] [net.minecraftforge.fml.loading.moddiscovery.AbstractJarFileDependencyLocator/]: Failed to load resource META-INF/jarjar/metadata.json from fmlcore-1.19.4-45.3.3.jar, it does not contain dependency information.
[15Apr2025 22:32:12.465] [main/DEBUG] [net.minecraftforge.fml.loading.moddiscovery.AbstractJarFileDependencyLocator/]: Failed to load resource META-INF/jarjar/metadata.json from lowcodelanguage-1.19.4-45.3.3.jar, it does not contain dependency information.
[15Apr2025 22:32:12.519] [main/DEBUG] [net.minecraftforge.fml.loading.moddiscovery.ModFileParser/LOADING]: Considering mod file candidate 
[15Apr2025 22:32:12.520] [main/DEBUG] [net.minecraftforge.fml.loading.moddiscovery.ModFileInfo/LOADING]: Found valid mod file mixinextras-forge-0.4.1.jar with {mixinextras} mods - versions {0.4.1}
[15Apr2025 22:32:12.527] [main/DEBUG] [net.minecraftforge.fml.loading.moddiscovery.AbstractJarFileDependencyLocator/]: Failed to load resource META-INF/jarjar/metadata.json from MixinExtras-0.4.1.jar, it does not contain dependency information.
[15Apr2025 22:32:12.554] [main/DEBUG] [net.minecraftforge.fml.loading.moddiscovery.ModFileParser/LOADING]: Considering mod file candidate 
[15Apr2025 22:32:12.555] [main/DEBUG] [net.minecraftforge.fml.loading.moddiscovery.ModFileInfo/LOADING]: Found valid mod file mixinextras-forge-0.4.1.jar with {mixinextras} mods - versions {0.4.1}
[15Apr2025 22:32:12.557] [main/INFO] [net.minecraftforge.fml.loading.moddiscovery.JarInJarDependencyLocator/]: Found 2 dependencies adding them to mods collection
[15Apr2025 22:32:12.559] [main/DEBUG] [net.minecraftforge.fml.loading.moddiscovery.ModFileParser/LOADING]: Considering mod file candidate /workspaces/cubeVDI/servidor_minecraft/mods/YungsBetterEndIsland-1.19.4-Forge-1.1.jar
[15Apr2025 22:32:12.560] [main/DEBUG] [net.minecraftforge.fml.loading.moddiscovery.ModFileInfo/LOADING]: Found valid mod file YungsBetterEndIsland-1.19.4-Forge-1.1.jar with {betterendisland} mods - versions {1.19.4-Forge-1.1}
[15Apr2025 22:32:12.563] [main/DEBUG] [net.minecraftforge.fml.loading.moddiscovery.ModFile/LOADING]: Loading mod file /workspaces/cubeVDI/servidor_minecraft/mods/YungsBetterEndIsland-1.19.4-Forge-1.1.jar with languages [LanguageSpec[languageName=javafml, acceptedVersions=[45,)]]
[15Apr2025 22:32:12.564] [main/DEBUG] [net.minecraftforge.fml.loading.moddiscovery.ModFileInfo/LOADING]: Found valid mod file server-1.19.4-20230314.122934-srg.jar with {minecraft} mods - versions {1.19.4}
[15Apr2025 22:32:12.564] [main/DEBUG] [net.minecraftforge.fml.loading.moddiscovery.ModFile/LOADING]: Loading mod file /workspaces/cubeVDI/servidor_minecraft/libraries/net/minecraft/server/1.19.4-20230314.122934/server-1.19.4-20230314.122934-srg.jar with languages [LanguageSpec[languageName=minecraft, acceptedVersions=1]]
[15Apr2025 22:32:12.564] [main/DEBUG] [net.minecraftforge.fml.loading.moddiscovery.ModFileParser/LOADING]: Considering mod file candidate /workspaces/cubeVDI/servidor_minecraft/mods/chat_heads-0.13.7-forge-1.19.4.jar
[15Apr2025 22:32:12.565] [main/DEBUG] [net.minecraftforge.fml.loading.moddiscovery.ModFileInfo/LOADING]: Found valid mod file chat_heads-0.13.7-forge-1.19.4.jar with {chat_heads} mods - versions {0.13.7}
[15Apr2025 22:32:12.565] [main/DEBUG] [net.minecraftforge.fml.loading.moddiscovery.ModFile/LOADING]: Loading mod file /workspaces/cubeVDI/servidor_minecraft/mods/chat_heads-0.13.7-forge-1.19.4.jar with languages [LanguageSpec[languageName=javafml, acceptedVersions=[44,)]]
[15Apr2025 22:32:12.565] [main/DEBUG] [net.minecraftforge.fml.loading.moddiscovery.ModFileParser/LOADING]: Considering mod file candidate /workspaces/cubeVDI/servidor_minecraft/mods/YungsBetterDungeons-1.19.4-Forge-3.4.0.jar
[15Apr2025 22:32:12.566] [main/DEBUG] [net.minecraftforge.fml.loading.moddiscovery.ModFileInfo/LOADING]: Found valid mod file YungsBetterDungeons-1.19.4-Forge-3.4.0.jar with {betterdungeons} mods - versions {1.19.4-Forge-3.4.0}
[15Apr2025 22:32:12.566] [main/DEBUG] [net.minecraftforge.fml.loading.moddiscovery.ModFile/LOADING]: Loading mod file /workspaces/cubeVDI/servidor_minecraft/mods/YungsBetterDungeons-1.19.4-Forge-3.4.0.jar with languages [LanguageSpec[languageName=javafml, acceptedVersions=[45,)]]
[15Apr2025 22:32:12.567] [main/DEBUG] [net.minecraftforge.fml.loading.moddiscovery.ModFileParser/LOADING]: Considering mod file candidate /workspaces/cubeVDI/servidor_minecraft/mods/YungsBetterNetherFortresses-1.19.4-Forge-1.2.0.jar
[15Apr2025 22:32:12.567] [main/DEBUG] [net.minecraftforge.fml.loading.moddiscovery.ModFileInfo/LOADING]: Found valid mod file YungsBetterNetherFortresses-1.19.4-Forge-1.2.0.jar with {betterfortresses} mods - versions {1.19.4-Forge-1.2.0}
[15Apr2025 22:32:12.568] [main/DEBUG] [net.minecraftforge.fml.loading.moddiscovery.ModFile/LOADING]: Loading mod file /workspaces/cubeVDI/servidor_minecraft/mods/YungsBetterNetherFortresses-1.19.4-Forge-1.2.0.jar with languages [LanguageSpec[languageName=javafml, acceptedVersions=[45,)]]
[15Apr2025 22:32:12.568] [main/DEBUG] [net.minecraftforge.fml.loading.moddiscovery.ModFileParser/LOADING]: Considering mod file candidate /workspaces/cubeVDI/servidor_minecraft/libraries/net/minecraftforge/forge/1.19.4-45.3.3/forge-1.19.4-45.3.3-universal.jar
[15Apr2025 22:32:12.568] [main/DEBUG] [net.minecraftforge.fml.loading.moddiscovery.ModFileInfo/LOADING]: Found valid mod file forge-1.19.4-45.3.3-universal.jar with {forge} mods - versions {45.3.3}
[15Apr2025 22:32:12.569] [main/DEBUG] [net.minecraftforge.fml.loading.moddiscovery.ModFile/LOADING]: Loading mod file /workspaces/cubeVDI/servidor_minecraft/libraries/net/minecraftforge/forge/1.19.4-45.3.3/forge-1.19.4-45.3.3-universal.jar with languages [LanguageSpec[languageName=javafml, acceptedVersions=[24,]]]
[15Apr2025 22:32:12.571] [main/DEBUG] [net.minecraftforge.fml.loading.moddiscovery.ModFileParser/LOADING]: Found coremod field_to_method with Javascript path coremods/field_to_method.js
[15Apr2025 22:32:12.571] [main/DEBUG] [net.minecraftforge.fml.loading.moddiscovery.ModFileParser/LOADING]: Found coremod field_to_instanceof with Javascript path coremods/field_to_instanceof.js
[15Apr2025 22:32:12.571] [main/DEBUG] [net.minecraftforge.fml.loading.moddiscovery.ModFileParser/LOADING]: Found coremod add_bouncer_method with Javascript path coremods/add_bouncer_method.js
[15Apr2025 22:32:12.571] [main/DEBUG] [net.minecraftforge.fml.loading.moddiscovery.ModFileParser/LOADING]: Found coremod intrinsic_tag_appender_binary_compat with Javascript path coremods/intrinsic_tag_appender_binary_compat.js
[15Apr2025 22:32:12.571] [main/DEBUG] [net.minecraftforge.fml.loading.moddiscovery.ModFileParser/LOADING]: Found coremod method_redirector with Javascript path coremods/method_redirector.js
[15Apr2025 22:32:12.571] [main/DEBUG] [net.minecraftforge.fml.loading.moddiscovery.ModFile/LOADING]: Found coremod coremods/field_to_method.js
[15Apr2025 22:32:12.572] [main/DEBUG] [net.minecraftforge.fml.loading.moddiscovery.ModFile/LOADING]: Found coremod coremods/field_to_instanceof.js
[15Apr2025 22:32:12.572] [main/DEBUG] [net.minecraftforge.fml.loading.moddiscovery.ModFile/LOADING]: Found coremod coremods/add_bouncer_method.js
[15Apr2025 22:32:12.572] [main/DEBUG] [net.minecraftforge.fml.loading.moddiscovery.ModFile/LOADING]: Found coremod coremods/intrinsic_tag_appender_binary_compat.js
[15Apr2025 22:32:12.572] [main/DEBUG] [net.minecraftforge.fml.loading.moddiscovery.ModFile/LOADING]: Found coremod coremods/method_redirector.js
[15Apr2025 22:32:12.572] [main/DEBUG] [net.minecraftforge.fml.loading.moddiscovery.ModFileParser/LOADING]: Considering mod file candidate /workspaces/cubeVDI/servidor_minecraft/mods/jei-1.19.4-forge-13.1.0.19.jar
[15Apr2025 22:32:12.573] [main/DEBUG] [net.minecraftforge.fml.loading.moddiscovery.ModFileInfo/LOADING]: Found valid mod file jei-1.19.4-forge-13.1.0.19.jar with {jei} mods - versions {13.1.0.19}
[15Apr2025 22:32:12.574] [main/DEBUG] [net.minecraftforge.fml.loading.moddiscovery.ModFile/LOADING]: Loading mod file /workspaces/cubeVDI/servidor_minecraft/mods/jei-1.19.4-forge-13.1.0.19.jar with languages [LanguageSpec[languageName=javafml, acceptedVersions=[45,)]]
[15Apr2025 22:32:12.574] [main/DEBUG] [net.minecraftforge.fml.loading.moddiscovery.ModFile/LOADING]: Loading mod file  with languages []
[15Apr2025 22:32:12.574] [main/DEBUG] [net.minecraftforge.fml.loading.moddiscovery.ModFileParser/LOADING]: Considering mod file candidate 
[15Apr2025 22:32:12.575] [main/DEBUG] [net.minecraftforge.fml.loading.moddiscovery.ModFileInfo/LOADING]: Found valid mod file mixinextras-forge-0.4.1.jar with {mixinextras} mods - versions {0.4.1}
[15Apr2025 22:32:12.575] [main/DEBUG] [net.minecraftforge.fml.loading.moddiscovery.ModFile/LOADING]: Loading mod file  with languages [LanguageSpec[languageName=javafml, acceptedVersions=*]]
[15Apr2025 22:32:12.576] [main/DEBUG] [cpw.mods.modlauncher.TransformationServiceDecorator/MODLAUNCHER]: End scan trigger - transformation service fml
[15Apr2025 22:32:12.586] [main/DEBUG] [net.minecraftforge.fml.loading.LanguageLoadingProvider/CORE]: Found 3 language providers
[15Apr2025 22:32:12.587] [main/DEBUG] [net.minecraftforge.fml.loading.LanguageLoadingProvider/CORE]: Found language provider minecraft, version 1.0
[15Apr2025 22:32:12.588] [main/DEBUG] [net.minecraftforge.fml.loading.LanguageLoadingProvider/CORE]: Found language provider lowcodefml, version 45
[15Apr2025 22:32:12.588] [main/DEBUG] [net.minecraftforge.fml.loading.LanguageLoadingProvider/CORE]: Found language provider javafml, version 45
[15Apr2025 22:32:12.593] [main/DEBUG] [net.minecraftforge.fml.loading.ModSorter/]: Configured system mods: [minecraft, forge]
[15Apr2025 22:32:12.594] [main/DEBUG] [net.minecraftforge.fml.loading.ModSorter/]: Found system mod: minecraft
[15Apr2025 22:32:12.594] [main/DEBUG] [net.minecraftforge.fml.loading.ModSorter/]: Found system mod: forge
[15Apr2025 22:32:12.596] [main/DEBUG] [net.minecraftforge.fml.loading.ModSorter/LOADING]: Found 11 mod requirements (11 mandatory, 0 optional)
[15Apr2025 22:32:12.597] [main/DEBUG] [net.minecraftforge.fml.loading.ModSorter/LOADING]: Found 3 mod requirements missing (3 mandatory, 0 optional)
[15Apr2025 22:32:12.598] [main/ERROR] [net.minecraftforge.fml.loading.ModSorter/LOADING]: Missing or unsupported mandatory dependencies:
	Mod ID: 'yungsapi', Requested by: 'betterfortresses', Expected range: '[1.19.4-Forge-3.10.0,)', Actual version: '[MISSING]'
	Mod ID: 'yungsapi', Requested by: 'betterendisland', Expected range: '[1.19.4-Forge-3.10.1,)', Actual version: '[MISSING]'
	Mod ID: 'yungsapi', Requested by: 'betterdungeons', Expected range: '[1.19.4-Forge-3.10.0,)', Actual version: '[MISSING]'
[15Apr2025 22:32:13.009] [main/DEBUG] [cpw.mods.modlauncher.TransformationServicesHandler/MODLAUNCHER]: Transformation services loading transformers
[15Apr2025 22:32:13.011] [main/DEBUG] [cpw.mods.modlauncher.TransformationServiceDecorator/MODLAUNCHER]: Initializing transformers for transformation service mixin
[15Apr2025 22:32:13.011] [main/DEBUG] [cpw.mods.modlauncher.TransformationServiceDecorator/MODLAUNCHER]: Initialized transformers for transformation service mixin
[15Apr2025 22:32:13.011] [main/DEBUG] [cpw.mods.modlauncher.TransformationServiceDecorator/MODLAUNCHER]: Initializing transformers for transformation service fml
[15Apr2025 22:32:13.011] [main/DEBUG] [net.minecraftforge.fml.loading.FMLServiceProvider/CORE]: Loading coremod transformers
[15Apr2025 22:32:13.012] [main/DEBUG] [net.minecraftforge.coremod.CoreModEngine/COREMOD]: Loading CoreMod from coremods/field_to_method.js
[15Apr2025 22:32:13.210] [main/DEBUG] [net.minecraftforge.coremod.CoreModEngine/COREMOD]: CoreMod loaded successfully
[15Apr2025 22:32:13.210] [main/DEBUG] [net.minecraftforge.coremod.CoreModEngine/COREMOD]: Loading CoreMod from coremods/field_to_instanceof.js
[15Apr2025 22:32:13.283] [main/DEBUG] [net.minecraftforge.coremod.CoreModEngine/COREMOD]: CoreMod loaded successfully
[15Apr2025 22:32:13.283] [main/DEBUG] [net.minecraftforge.coremod.CoreModEngine/COREMOD]: Loading CoreMod from coremods/add_bouncer_method.js
[15Apr2025 22:32:13.324] [main/DEBUG] [net.minecraftforge.coremod.CoreModEngine/COREMOD]: CoreMod loaded successfully
[15Apr2025 22:32:13.324] [main/DEBUG] [net.minecraftforge.coremod.CoreModEngine/COREMOD]: Loading CoreMod from coremods/intrinsic_tag_appender_binary_compat.js
[15Apr2025 22:32:13.346] [main/DEBUG] [net.minecraftforge.coremod.CoreModEngine/COREMOD]: CoreMod loaded successfully
[15Apr2025 22:32:13.346] [main/DEBUG] [net.minecraftforge.coremod.CoreModEngine/COREMOD]: Loading CoreMod from coremods/method_redirector.js
[15Apr2025 22:32:13.415] [main/DEBUG] [net.minecraftforge.coremod.CoreModEngine/COREMOD]: CoreMod loaded successfully
[15Apr2025 22:32:13.425] [main/DEBUG] [cpw.mods.modlauncher.TransformStore/MODLAUNCHER]: Adding transformer net.minecraftforge.coremod.transformer.CoreModClassTransformer@1b7a52dd to Target : CLASS {Lnet/minecraft/world/level/biome/Biome;} {} {V}
[15Apr2025 22:32:13.426] [main/DEBUG] [cpw.mods.modlauncher.TransformStore/MODLAUNCHER]: Adding transformer net.minecraftforge.coremod.transformer.CoreModClassTransformer@6535117e to Target : CLASS {Lnet/minecraft/world/level/levelgen/structure/Structure;} {} {V}
[15Apr2025 22:32:13.426] [main/DEBUG] [cpw.mods.modlauncher.TransformStore/MODLAUNCHER]: Adding transformer net.minecraftforge.coremod.transformer.CoreModClassTransformer@1d1cbd0f to Target : CLASS {Lnet/minecraft/world/effect/MobEffectInstance;} {} {V}
[15Apr2025 22:32:13.426] [main/DEBUG] [cpw.mods.modlauncher.TransformStore/MODLAUNCHER]: Adding transformer net.minecraftforge.coremod.transformer.CoreModClassTransformer@6fa13e6 to Target : CLASS {Lnet/minecraft/world/level/block/LiquidBlock;} {} {V}
[15Apr2025 22:32:13.426] [main/DEBUG] [cpw.mods.modlauncher.TransformStore/MODLAUNCHER]: Adding transformer net.minecraftforge.coremod.transformer.CoreModClassTransformer@3af7d855 to Target : CLASS {Lnet/minecraft/world/item/BucketItem;} {} {V}
[15Apr2025 22:32:13.426] [main/DEBUG] [cpw.mods.modlauncher.TransformStore/MODLAUNCHER]: Adding transformer net.minecraftforge.coremod.transformer.CoreModClassTransformer@77049094 to Target : CLASS {Lnet/minecraft/world/level/block/StairBlock;} {} {V}
[15Apr2025 22:32:13.427] [main/DEBUG] [cpw.mods.modlauncher.TransformStore/MODLAUNCHER]: Adding transformer net.minecraftforge.coremod.transformer.CoreModClassTransformer@f88bfbe to Target : CLASS {Lnet/minecraft/world/level/block/FlowerPotBlock;} {} {V}
[15Apr2025 22:32:13.427] [main/DEBUG] [cpw.mods.modlauncher.TransformStore/MODLAUNCHER]: Adding transformer net.minecraftforge.coremod.transformer.CoreModClassTransformer@59bbe88a to Target : CLASS {Lnet/minecraft/world/item/ItemStack;} {} {V}
[15Apr2025 22:32:13.427] [main/DEBUG] [cpw.mods.modlauncher.TransformStore/MODLAUNCHER]: Adding transformer net.minecraftforge.coremod.transformer.CoreModClassTransformer@5d8ab698 to Target : CLASS {Lnet/minecraft/network/play/client/CClientSettingsPacket;} {} {V}
[15Apr2025 22:32:13.427] [main/DEBUG] [cpw.mods.modlauncher.TransformStore/MODLAUNCHER]: Adding transformer net.minecraftforge.coremod.transformer.CoreModClassTransformer@ed91d8d to Target : CLASS {Lnet/minecraftforge/common/extensions/IForgeIntrinsicHolderTagAppender;} {} {V}
[15Apr2025 22:32:13.427] [main/DEBUG] [cpw.mods.modlauncher.TransformStore/MODLAUNCHER]: Adding transformer net.minecraftforge.coremod.transformer.CoreModClassTransformer@446626a7 to Target : CLASS {Lnet/minecraft/world/entity/monster/Spider;} {} {V}
[15Apr2025 22:32:13.427] [main/DEBUG] [cpw.mods.modlauncher.TransformStore/MODLAUNCHER]: Adding transformer net.minecraftforge.coremod.transformer.CoreModClassTransformer@446626a7 to Target : CLASS {Lnet/minecraft/world/level/levelgen/structure/structures/SwampHutPiece;} {} {V}
[15Apr2025 22:32:13.427] [main/DEBUG] [cpw.mods.modlauncher.TransformStore/MODLAUNCHER]: Adding transformer net.minecraftforge.coremod.transformer.CoreModClassTransformer@446626a7 to Target : CLASS {Lnet/minecraft/world/entity/monster/Zombie;} {} {V}
[15Apr2025 22:32:13.428] [main/DEBUG] [cpw.mods.modlauncher.TransformStore/MODLAUNCHER]: Adding transformer net.minecraftforge.coremod.transformer.CoreModClassTransformer@446626a7 to Target : CLASS {Lnet/minecraft/world/level/levelgen/structure/structures/WoodlandMansionPieces$WoodlandMansionPiece;} {} {V}
[15Apr2025 22:32:13.428] [main/DEBUG] [cpw.mods.modlauncher.TransformStore/MODLAUNCHER]: Adding transformer net.minecraftforge.coremod.transformer.CoreModClassTransformer@446626a7 to Target : CLASS {Lnet/minecraft/world/entity/monster/Evoker$EvokerSummonSpellGoal;} {} {V}
[15Apr2025 22:32:13.428] [main/DEBUG] [cpw.mods.modlauncher.TransformStore/MODLAUNCHER]: Adding transformer net.minecraftforge.coremod.transformer.CoreModClassTransformer@446626a7 to Target : CLASS {Lnet/minecraft/world/level/levelgen/PhantomSpawner;} {} {V}
[15Apr2025 22:32:13.428] [main/DEBUG] [cpw.mods.modlauncher.TransformStore/MODLAUNCHER]: Adding transformer net.minecraftforge.coremod.transformer.CoreModClassTransformer@446626a7 to Target : CLASS {Lnet/minecraft/world/entity/raid/Raid;} {} {V}
[15Apr2025 22:32:13.428] [main/DEBUG] [cpw.mods.modlauncher.TransformStore/MODLAUNCHER]: Adding transformer net.minecraftforge.coremod.transformer.CoreModClassTransformer@446626a7 to Target : CLASS {Lnet/minecraft/world/level/levelgen/structure/structures/OceanRuinPieces$OceanRuinPiece;} {} {V}
[15Apr2025 22:32:13.428] [main/DEBUG] [cpw.mods.modlauncher.TransformStore/MODLAUNCHER]: Adding transformer net.minecraftforge.coremod.transformer.CoreModClassTransformer@446626a7 to Target : CLASS {Lnet/minecraft/server/commands/SummonCommand;} {} {V}
[15Apr2025 22:32:13.429] [main/DEBUG] [cpw.mods.modlauncher.TransformStore/MODLAUNCHER]: Adding transformer net.minecraftforge.coremod.transformer.CoreModClassTransformer@446626a7 to Target : CLASS {Lnet/minecraft/world/entity/EntityType;} {} {V}
[15Apr2025 22:32:13.429] [main/DEBUG] [cpw.mods.modlauncher.TransformStore/MODLAUNCHER]: Adding transformer net.minecraftforge.coremod.transformer.CoreModClassTransformer@446626a7 to Target : CLASS {Lnet/minecraft/world/entity/ai/village/VillageSiege;} {} {V}
[15Apr2025 22:32:13.429] [main/DEBUG] [cpw.mods.modlauncher.TransformStore/MODLAUNCHER]: Adding transformer net.minecraftforge.coremod.transformer.CoreModClassTransformer@446626a7 to Target : CLASS {Lnet/minecraft/world/entity/monster/ZombieVillager;} {} {V}
[15Apr2025 22:32:13.429] [main/DEBUG] [cpw.mods.modlauncher.TransformStore/MODLAUNCHER]: Adding transformer net.minecraftforge.coremod.transformer.CoreModClassTransformer@446626a7 to Target : CLASS {Lnet/minecraft/world/entity/animal/frog/Tadpole;} {} {V}
[15Apr2025 22:32:13.429] [main/DEBUG] [cpw.mods.modlauncher.TransformStore/MODLAUNCHER]: Adding transformer net.minecraftforge.coremod.transformer.CoreModClassTransformer@446626a7 to Target : CLASS {Lnet/minecraft/server/commands/RaidCommand;} {} {V}
[15Apr2025 22:32:13.429] [main/DEBUG] [cpw.mods.modlauncher.TransformStore/MODLAUNCHER]: Adding transformer net.minecraftforge.coremod.transformer.CoreModClassTransformer@446626a7 to Target : CLASS {Lnet/minecraft/world/entity/animal/horse/SkeletonTrapGoal;} {} {V}
[15Apr2025 22:32:13.429] [main/DEBUG] [cpw.mods.modlauncher.TransformStore/MODLAUNCHER]: Adding transformer net.minecraftforge.coremod.transformer.CoreModClassTransformer@446626a7 to Target : CLASS {Lnet/minecraft/world/entity/monster/Strider;} {} {V}
[15Apr2025 22:32:13.430] [main/DEBUG] [cpw.mods.modlauncher.TransformStore/MODLAUNCHER]: Adding transformer net.minecraftforge.coremod.transformer.CoreModClassTransformer@446626a7 to Target : CLASS {Lnet/minecraft/world/level/NaturalSpawner;} {} {V}
[15Apr2025 22:32:13.430] [main/DEBUG] [cpw.mods.modlauncher.TransformStore/MODLAUNCHER]: Adding transformer net.minecraftforge.coremod.transformer.CoreModClassTransformer@446626a7 to Target : CLASS {Lnet/minecraft/world/level/levelgen/structure/templatesystem/StructureTemplate;} {} {V}
[15Apr2025 22:32:13.430] [main/DEBUG] [cpw.mods.modlauncher.TransformStore/MODLAUNCHER]: Adding transformer net.minecraftforge.coremod.transformer.CoreModClassTransformer@446626a7 to Target : CLASS {Lnet/minecraft/world/level/levelgen/structure/structures/OceanMonumentPieces$OceanMonumentPiece;} {} {V}
[15Apr2025 22:32:13.430] [main/DEBUG] [cpw.mods.modlauncher.TransformStore/MODLAUNCHER]: Adding transformer net.minecraftforge.coremod.transformer.CoreModClassTransformer@446626a7 to Target : CLASS {Lnet/minecraft/world/entity/npc/Villager;} {} {V}
[15Apr2025 22:32:13.430] [main/DEBUG] [cpw.mods.modlauncher.TransformStore/MODLAUNCHER]: Adding transformer net.minecraftforge.coremod.transformer.CoreModClassTransformer@446626a7 to Target : CLASS {Lnet/minecraft/world/entity/npc/CatSpawner;} {} {V}
[15Apr2025 22:32:13.430] [main/DEBUG] [cpw.mods.modlauncher.TransformStore/MODLAUNCHER]: Adding transformer net.minecraftforge.coremod.transformer.CoreModClassTransformer@446626a7 to Target : CLASS {Lnet/minecraft/world/level/levelgen/PatrolSpawner;} {} {V}
[15Apr2025 22:32:13.430] [main/DEBUG] [cpw.mods.modlauncher.TransformationServiceDecorator/MODLAUNCHER]: Initialized transformers for transformation service fml
[15Apr2025 22:32:13.856] [main/DEBUG] [mixin/]: Processing prepare() for PlatformAgent[MixinPlatformAgentDefault:ModLauncher Root Container(ModLauncher:4f56a0a2)]
[15Apr2025 22:32:13.857] [main/DEBUG] [mixin/]: Processing launch tasks for PlatformAgent[MixinPlatformAgentDefault:ModLauncher Root Container(ModLauncher:4f56a0a2)]
[15Apr2025 22:32:13.857] [main/DEBUG] [mixin/]: Adding mixin platform agents for container SecureJarResource(betterendisland)
[15Apr2025 22:32:13.857] [main/DEBUG] [mixin/]: Instancing new MixinPlatformAgentMinecraftForge for SecureJarResource(betterendisland)
[15Apr2025 22:32:13.857] [main/DEBUG] [mixin/]: MixinPlatformAgentMinecraftForge rejected container SecureJarResource(betterendisland)
[15Apr2025 22:32:13.857] [main/DEBUG] [mixin/]: Instancing new MixinPlatformAgentDefault for SecureJarResource(betterendisland)
[15Apr2025 22:32:13.857] [main/DEBUG] [mixin/]: MixinPlatformAgentDefault accepted container SecureJarResource(betterendisland)
[15Apr2025 22:32:13.857] [main/DEBUG] [mixin/]: Processing prepare() for PlatformAgent[MixinPlatformAgentDefault:SecureJarResource(betterendisland)]
[15Apr2025 22:32:13.858] [main/DEBUG] [mixin/]: Registering mixin config: betterendisland.mixins.json
[15Apr2025 22:32:13.876] [main/DEBUG] [mixin/]: Compatibility level JAVA_17 specified by betterendisland.mixins.json is higher than the maximum level supported by this version of mixin (JAVA_13).
[15Apr2025 22:32:13.881] [main/INFO] [mixin/]: Compatibility level set to JAVA_17
[15Apr2025 22:32:13.882] [main/DEBUG] [mixin/]: Registering mixin config: betterendisland_forge.mixins.json
[15Apr2025 22:32:13.885] [main/DEBUG] [mixin/]: Adding mixin platform agents for container SecureJarResource(minecraft)
[15Apr2025 22:32:13.885] [main/DEBUG] [mixin/]: Instancing new MixinPlatformAgentMinecraftForge for SecureJarResource(minecraft)
[15Apr2025 22:32:13.886] [main/DEBUG] [mixin/]: MixinPlatformAgentMinecraftForge rejected container SecureJarResource(minecraft)
[15Apr2025 22:32:13.886] [main/DEBUG] [mixin/]: Instancing new MixinPlatformAgentDefault for SecureJarResource(minecraft)
[15Apr2025 22:32:13.886] [main/DEBUG] [mixin/]: MixinPlatformAgentDefault accepted container SecureJarResource(minecraft)
[15Apr2025 22:32:13.886] [main/DEBUG] [mixin/]: Processing prepare() for PlatformAgent[MixinPlatformAgentDefault:SecureJarResource(minecraft)]
[15Apr2025 22:32:13.886] [main/DEBUG] [mixin/]: Adding mixin platform agents for container SecureJarResource(chat_heads)
[15Apr2025 22:32:13.887] [main/DEBUG] [mixin/]: Instancing new MixinPlatformAgentMinecraftForge for SecureJarResource(chat_heads)
[15Apr2025 22:32:13.887] [main/DEBUG] [mixin/]: MixinPlatformAgentMinecraftForge rejected container SecureJarResource(chat_heads)
[15Apr2025 22:32:13.887] [main/DEBUG] [mixin/]: Instancing new MixinPlatformAgentDefault for SecureJarResource(chat_heads)
[15Apr2025 22:32:13.887] [main/DEBUG] [mixin/]: MixinPlatformAgentDefault accepted container SecureJarResource(chat_heads)
[15Apr2025 22:32:13.887] [main/DEBUG] [mixin/]: Processing prepare() for PlatformAgent[MixinPlatformAgentDefault:SecureJarResource(chat_heads)]
[15Apr2025 22:32:13.887] [main/DEBUG] [mixin/]: Registering mixin config: chat_heads.mixins.json
[15Apr2025 22:32:13.889] [main/DEBUG] [mixin/]: Registering mixin config: chat_heads.forge.mixins.json
[15Apr2025 22:32:13.892] [main/DEBUG] [mixin/]: Adding mixin platform agents for container SecureJarResource(betterdungeons)
[15Apr2025 22:32:13.892] [main/DEBUG] [mixin/]: Instancing new MixinPlatformAgentMinecraftForge for SecureJarResource(betterdungeons)
[15Apr2025 22:32:13.893] [main/DEBUG] [mixin/]: MixinPlatformAgentMinecraftForge rejected container SecureJarResource(betterdungeons)
[15Apr2025 22:32:13.893] [main/DEBUG] [mixin/]: Instancing new MixinPlatformAgentDefault for SecureJarResource(betterdungeons)
[15Apr2025 22:32:13.893] [main/DEBUG] [mixin/]: MixinPlatformAgentDefault accepted container SecureJarResource(betterdungeons)
[15Apr2025 22:32:13.893] [main/DEBUG] [mixin/]: Processing prepare() for PlatformAgent[MixinPlatformAgentDefault:SecureJarResource(betterdungeons)]
[15Apr2025 22:32:13.893] [main/DEBUG] [mixin/]: Registering mixin config: betterdungeons.mixins.json
[15Apr2025 22:32:13.894] [main/DEBUG] [mixin/]: Registering mixin config: betterdungeons_forge.mixins.json
[15Apr2025 22:32:13.896] [main/DEBUG] [mixin/]: Adding mixin platform agents for container SecureJarResource(betterfortresses)
[15Apr2025 22:32:13.896] [main/DEBUG] [mixin/]: Instancing new MixinPlatformAgentMinecraftForge for SecureJarResource(betterfortresses)
[15Apr2025 22:32:13.896] [main/DEBUG] [mixin/]: MixinPlatformAgentMinecraftForge rejected container SecureJarResource(betterfortresses)
[15Apr2025 22:32:13.896] [main/DEBUG] [mixin/]: Instancing new MixinPlatformAgentDefault for SecureJarResource(betterfortresses)
[15Apr2025 22:32:13.896] [main/DEBUG] [mixin/]: MixinPlatformAgentDefault accepted container SecureJarResource(betterfortresses)
[15Apr2025 22:32:13.896] [main/DEBUG] [mixin/]: Processing prepare() for PlatformAgent[MixinPlatformAgentDefault:SecureJarResource(betterfortresses)]
[15Apr2025 22:32:13.896] [main/DEBUG] [mixin/]: Registering mixin config: betterfortresses.mixins.json
[15Apr2025 22:32:13.897] [main/DEBUG] [mixin/]: Registering mixin config: betterfortresses_forge.mixins.json
[15Apr2025 22:32:13.899] [main/DEBUG] [mixin/]: Adding mixin platform agents for container SecureJarResource(forge)
[15Apr2025 22:32:13.899] [main/DEBUG] [mixin/]: Instancing new MixinPlatformAgentMinecraftForge for SecureJarResource(forge)
[15Apr2025 22:32:13.899] [main/DEBUG] [mixin/]: MixinPlatformAgentMinecraftForge rejected container SecureJarResource(forge)
[15Apr2025 22:32:13.899] [main/DEBUG] [mixin/]: Instancing new MixinPlatformAgentDefault for SecureJarResource(forge)
[15Apr2025 22:32:13.899] [main/DEBUG] [mixin/]: MixinPlatformAgentDefault accepted container SecureJarResource(forge)
[15Apr2025 22:32:13.899] [main/DEBUG] [mixin/]: Processing prepare() for PlatformAgent[MixinPlatformAgentDefault:SecureJarResource(forge)]
[15Apr2025 22:32:13.900] [main/DEBUG] [mixin/]: Adding mixin platform agents for container SecureJarResource(jei)
[15Apr2025 22:32:13.900] [main/DEBUG] [mixin/]: Instancing new MixinPlatformAgentMinecraftForge for SecureJarResource(jei)
[15Apr2025 22:32:13.900] [main/DEBUG] [mixin/]: MixinPlatformAgentMinecraftForge rejected container SecureJarResource(jei)
[15Apr2025 22:32:13.900] [main/DEBUG] [mixin/]: Instancing new MixinPlatformAgentDefault for SecureJarResource(jei)
[15Apr2025 22:32:13.900] [main/DEBUG] [mixin/]: MixinPlatformAgentDefault accepted container SecureJarResource(jei)
[15Apr2025 22:32:13.900] [main/DEBUG] [mixin/]: Processing prepare() for PlatformAgent[MixinPlatformAgentDefault:SecureJarResource(jei)]
[15Apr2025 22:32:13.900] [main/DEBUG] [mixin/]: Adding mixin platform agents for container SecureJarResource(MixinExtras)
[15Apr2025 22:32:13.900] [main/DEBUG] [mixin/]: Instancing new MixinPlatformAgentMinecraftForge for SecureJarResource(MixinExtras)
[15Apr2025 22:32:13.901] [main/DEBUG] [mixin/]: MixinPlatformAgentMinecraftForge rejected container SecureJarResource(MixinExtras)
[15Apr2025 22:32:13.901] [main/DEBUG] [mixin/]: Instancing new MixinPlatformAgentDefault for SecureJarResource(MixinExtras)
[15Apr2025 22:32:13.901] [main/DEBUG] [mixin/]: MixinPlatformAgentDefault accepted container SecureJarResource(MixinExtras)
[15Apr2025 22:32:13.901] [main/DEBUG] [mixin/]: Processing prepare() for PlatformAgent[MixinPlatformAgentDefault:SecureJarResource(MixinExtras)]
[15Apr2025 22:32:13.901] [main/DEBUG] [mixin/]: Adding mixin platform agents for container SecureJarResource(mixinextras)
[15Apr2025 22:32:13.901] [main/DEBUG] [mixin/]: Instancing new MixinPlatformAgentMinecraftForge for SecureJarResource(mixinextras)
[15Apr2025 22:32:13.901] [main/DEBUG] [mixin/]: MixinPlatformAgentMinecraftForge rejected container SecureJarResource(mixinextras)
[15Apr2025 22:32:13.901] [main/DEBUG] [mixin/]: Instancing new MixinPlatformAgentDefault for SecureJarResource(mixinextras)
[15Apr2025 22:32:13.902] [main/DEBUG] [mixin/]: MixinPlatformAgentDefault accepted container SecureJarResource(mixinextras)
[15Apr2025 22:32:13.902] [main/DEBUG] [mixin/]: Processing prepare() for PlatformAgent[MixinPlatformAgentDefault:SecureJarResource(mixinextras)]
[15Apr2025 22:32:13.902] [main/DEBUG] [mixin/]: Registering mixin config: mixinextras.init.mixins.json
[15Apr2025 22:32:13.903] [main/DEBUG] [mixin/]: inject() running with 10 agents
[15Apr2025 22:32:13.903] [main/DEBUG] [mixin/]: Processing inject() for PlatformAgent[MixinPlatformAgentDefault:ModLauncher Root Container(ModLauncher:4f56a0a2)]
[15Apr2025 22:32:13.904] [main/DEBUG] [mixin/]: Processing inject() for PlatformAgent[MixinPlatformAgentDefault:SecureJarResource(betterendisland)]
[15Apr2025 22:32:13.904] [main/DEBUG] [mixin/]: Processing inject() for PlatformAgent[MixinPlatformAgentDefault:SecureJarResource(minecraft)]
[15Apr2025 22:32:13.904] [main/DEBUG] [mixin/]: Processing inject() for PlatformAgent[MixinPlatformAgentDefault:SecureJarResource(chat_heads)]
[15Apr2025 22:32:13.904] [main/DEBUG] [mixin/]: Processing inject() for PlatformAgent[MixinPlatformAgentDefault:SecureJarResource(betterdungeons)]
[15Apr2025 22:32:13.904] [main/DEBUG] [mixin/]: Processing inject() for PlatformAgent[MixinPlatformAgentDefault:SecureJarResource(betterfortresses)]
[15Apr2025 22:32:13.904] [main/DEBUG] [mixin/]: Processing inject() for PlatformAgent[MixinPlatformAgentDefault:SecureJarResource(forge)]
[15Apr2025 22:32:13.904] [main/DEBUG] [mixin/]: Processing inject() for PlatformAgent[MixinPlatformAgentDefault:SecureJarResource(jei)]
[15Apr2025 22:32:13.904] [main/DEBUG] [mixin/]: Processing inject() for PlatformAgent[MixinPlatformAgentDefault:SecureJarResource(MixinExtras)]
[15Apr2025 22:32:13.904] [main/DEBUG] [mixin/]: Processing inject() for PlatformAgent[MixinPlatformAgentDefault:SecureJarResource(mixinextras)]
[15Apr2025 22:32:13.905] [main/INFO] [cpw.mods.modlauncher.LaunchServiceHandler/MODLAUNCHER]: Launching target 'forgeserver' with arguments [nogui]
[15Apr2025 22:32:13.946] [main/DEBUG] [mixin/]: Error cleaning class output directory: .mixin.out
[15Apr2025 22:32:13.948] [main/DEBUG] [mixin/]: Preparing mixins for MixinEnvironment[DEFAULT]
[15Apr2025 22:32:13.948] [main/DEBUG] [mixin/]: Selecting config betterendisland.mixins.json
[15Apr2025 22:32:13.956] [main/DEBUG] [mixin/]: Selecting config betterendisland_forge.mixins.json
[15Apr2025 22:32:13.958] [main/DEBUG] [mixin/]: Selecting config chat_heads.mixins.json
[15Apr2025 22:32:13.967] [main/DEBUG] [mixin/]: Selecting config chat_heads.forge.mixins.json
[15Apr2025 22:32:13.968] [main/DEBUG] [mixin/]: Selecting config betterdungeons.mixins.json
[15Apr2025 22:32:13.968] [main/DEBUG] [mixin/]: Selecting config betterdungeons_forge.mixins.json
[15Apr2025 22:32:13.970] [main/DEBUG] [mixin/]: Selecting config betterfortresses.mixins.json
[15Apr2025 22:32:13.971] [main/DEBUG] [mixin/]: Selecting config betterfortresses_forge.mixins.json
[15Apr2025 22:32:13.972] [main/DEBUG] [mixin/]: Selecting config mixinextras.init.mixins.json
[15Apr2025 22:32:14.003] [main/DEBUG] [MixinExtras|Service/]: com.llamalad7.mixinextras.service.MixinExtrasServiceImpl(version=0.4.1) is taking over from null
[15Apr2025 22:32:14.041] [main/DEBUG] [mixin/]: Registering new injector for @Inject with org.spongepowered.asm.mixin.injection.struct.CallbackInjectionInfo
[15Apr2025 22:32:14.042] [main/DEBUG] [mixin/]: Registering new injector for @ModifyArg with org.spongepowered.asm.mixin.injection.struct.ModifyArgInjectionInfo
[15Apr2025 22:32:14.045] [main/DEBUG] [mixin/]: Registering new injector for @ModifyArgs with org.spongepowered.asm.mixin.injection.struct.ModifyArgsInjectionInfo
[15Apr2025 22:32:14.047] [main/DEBUG] [mixin/]: Registering new injector for @Redirect with org.spongepowered.asm.mixin.injection.struct.RedirectInjectionInfo
[15Apr2025 22:32:14.048] [main/DEBUG] [mixin/]: Registering new injector for @ModifyVariable with org.spongepowered.asm.mixin.injection.struct.ModifyVariableInjectionInfo
[15Apr2025 22:32:14.050] [main/DEBUG] [mixin/]: Registering new injector for @ModifyConstant with org.spongepowered.asm.mixin.injection.struct.ModifyConstantInjectionInfo
[15Apr2025 22:32:14.065] [main/DEBUG] [mixin/]: Preparing betterendisland.mixins.json (8)
[15Apr2025 22:32:14.151] [main/DEBUG] [mixin/]: Preparing betterendisland_forge.mixins.json (0)
[15Apr2025 22:32:14.152] [main/DEBUG] [mixin/]: Preparing chat_heads.mixins.json (15)
[15Apr2025 22:32:14.152] [main/DEBUG] [mixin/]: Preparing chat_heads.forge.mixins.json (1)
[15Apr2025 22:32:14.152] [main/DEBUG] [mixin/]: Preparing betterdungeons.mixins.json (8)
[15Apr2025 22:32:14.163] [main/DEBUG] [net.minecraftforge.coremod.transformer.CoreModBaseTransformer/COREMOD]: Transforming net/minecraft/world/level/levelgen/structure/templatesystem/StructureTemplate
[15Apr2025 22:32:14.575] [main/DEBUG] [mixin/]: Preparing betterdungeons_forge.mixins.json (0)
[15Apr2025 22:32:14.575] [main/DEBUG] [mixin/]: Preparing betterfortresses.mixins.json (6)
[15Apr2025 22:32:14.583] [main/DEBUG] [mixin/]: Preparing betterfortresses_forge.mixins.json (0)
[15Apr2025 22:32:14.583] [main/DEBUG] [mixin/]: Preparing mixinextras.init.mixins.json (0)
[15Apr2025 22:32:14.608] [main/DEBUG] [mixin/]: Prepared 22 mixins in 0.659 sec (30.0ms avg) (0ms load, 0ms transform, 0ms plugin)
[15Apr2025 22:32:14.659] [main/DEBUG] [io.netty.util.internal.logging.InternalLoggerFactory/]: Using SLF4J as the default logging framework
[15Apr2025 22:32:14.662] [main/DEBUG] [io.netty.util.ResourceLeakDetector/]: -Dio.netty.leakDetection.level: simple
[15Apr2025 22:32:14.662] [main/DEBUG] [io.netty.util.ResourceLeakDetector/]: -Dio.netty.leakDetection.targetRecords: 4
[15Apr2025 22:32:14.860] [main/DEBUG] [oshi.util.FileUtil/]: No oshi.properties file found from ClassLoader cpw.mods.modlauncher.TransformingClassLoader@44ed0a8f
[15Apr2025 22:32:14.860] [main/DEBUG] [oshi.util.FileUtil/]: No oshi.properties file found from ClassLoader jdk.internal.loader.ClassLoaders$AppClassLoader@76ed5528
[15Apr2025 22:32:14.918] [main/DEBUG] [oshi.util.FileUtil/]: Reading file /proc/self/auxv
[15Apr2025 22:32:14.919] [main/DEBUG] [oshi.util.FileUtil/]: Reading file /proc/self/auxv
[15Apr2025 22:32:14.923] [main/DEBUG] [oshi.util.FileUtil/]: Reading file /proc/stat
[15Apr2025 22:32:14.931] [main/DEBUG] [oshi.util.FileUtil/]: Reading file /sys/devices/system/cpu/cpu0/topology/core_id
[15Apr2025 22:32:14.931] [main/DEBUG] [oshi.util.FileUtil/]: Reading file /sys/devices/system/cpu/cpu0/topology/core_id
[15Apr2025 22:32:14.931] [main/DEBUG] [oshi.util.FileUtil/]: Reading file /sys/devices/system/cpu/cpu0/topology/physical_package_id
[15Apr2025 22:32:14.931] [main/DEBUG] [oshi.util.FileUtil/]: Reading file /sys/devices/system/cpu/cpu0/topology/physical_package_id
[15Apr2025 22:32:14.932] [main/DEBUG] [oshi.util.FileUtil/]: Reading file /sys/devices/system/cpu/cpu0/cpu_capacity
[15Apr2025 22:32:14.934] [main/DEBUG] [oshi.util.FileUtil/]: Reading file /sys/devices/system/cpu/cpu1/topology/core_id
[15Apr2025 22:32:14.934] [main/DEBUG] [oshi.util.FileUtil/]: Reading file /sys/devices/system/cpu/cpu1/topology/core_id
[15Apr2025 22:32:14.934] [main/DEBUG] [oshi.util.FileUtil/]: Reading file /sys/devices/system/cpu/cpu1/topology/physical_package_id
[15Apr2025 22:32:14.934] [main/DEBUG] [oshi.util.FileUtil/]: Reading file /sys/devices/system/cpu/cpu1/topology/physical_package_id
[15Apr2025 22:32:14.935] [main/DEBUG] [oshi.util.FileUtil/]: Reading file /sys/devices/system/cpu/cpu1/cpu_capacity
[15Apr2025 22:32:14.935] [main/DEBUG] [oshi.util.FileUtil/]: Reading file /sys/devices/system/cpu/cpu2/topology/core_id
[15Apr2025 22:32:14.935] [main/DEBUG] [oshi.util.FileUtil/]: Reading file /sys/devices/system/cpu/cpu2/topology/core_id
[15Apr2025 22:32:14.936] [main/DEBUG] [oshi.util.FileUtil/]: Reading file /sys/devices/system/cpu/cpu2/topology/physical_package_id
[15Apr2025 22:32:14.936] [main/DEBUG] [oshi.util.FileUtil/]: Reading file /sys/devices/system/cpu/cpu2/topology/physical_package_id
[15Apr2025 22:32:14.936] [main/DEBUG] [oshi.util.FileUtil/]: Reading file /sys/devices/system/cpu/cpu2/cpu_capacity
[15Apr2025 22:32:14.936] [main/DEBUG] [oshi.util.FileUtil/]: Reading file /sys/devices/system/cpu/cpu3/topology/core_id
[15Apr2025 22:32:14.937] [main/DEBUG] [oshi.util.FileUtil/]: Reading file /sys/devices/system/cpu/cpu3/topology/core_id
[15Apr2025 22:32:14.937] [main/DEBUG] [oshi.util.FileUtil/]: Reading file /sys/devices/system/cpu/cpu3/topology/physical_package_id
[15Apr2025 22:32:14.937] [main/DEBUG] [oshi.util.FileUtil/]: Reading file /sys/devices/system/cpu/cpu3/topology/physical_package_id
[15Apr2025 22:32:14.937] [main/DEBUG] [oshi.util.FileUtil/]: Reading file /sys/devices/system/cpu/cpu3/cpu_capacity
[15Apr2025 22:32:14.939] [main/DEBUG] [oshi.util.FileUtil/]: Reading file /proc/cpuinfo
[15Apr2025 22:32:14.947] [main/DEBUG] [oshi.util.FileUtil/]: Reading file /proc/self/auxv
[15Apr2025 22:32:14.949] [main/DEBUG] [oshi.util.FileUtil/]: No oshi.architecture.properties file found from ClassLoader cpw.mods.modlauncher.TransformingClassLoader@44ed0a8f
[15Apr2025 22:32:14.949] [main/DEBUG] [oshi.util.FileUtil/]: No oshi.architecture.properties file found from ClassLoader jdk.internal.loader.ClassLoaders$AppClassLoader@76ed5528
[15Apr2025 22:32:14.965] [main/DEBUG] [oshi.util.FileUtil/]: Reading file /proc/meminfo
[15Apr2025 22:32:14.966] [main/DEBUG] [oshi.util.FileUtil/]: Reading file /proc/meminfo
[15Apr2025 22:32:15.188] [main/INFO] [MixinExtras|Service/]: Initializing MixinExtras via com.llamalad7.mixinextras.service.MixinExtrasServiceImpl(version=0.4.1).
[15Apr2025 22:32:15.190] [main/DEBUG] [mixin/]: Registering new injector for @SugarWrapper with com.llamalad7.mixinextras.sugar.impl.SugarWrapperInjectionInfo
[15Apr2025 22:32:15.190] [main/DEBUG] [mixin/]: Registering new injector for @FactoryRedirectWrapper with com.llamalad7.mixinextras.wrapper.factory.FactoryRedirectWrapperInjectionInfo
[15Apr2025 22:32:15.195] [main/DEBUG] [mixin/]: Mixing ServerLevelMixin from betterendisland.mixins.json into net.minecraft.server.level.ServerLevel
[15Apr2025 22:32:15.295] [main/DEBUG] [mixin/]: Mixing EndergeticExpansionMixins from betterendisland.mixins.json into net.minecraft.server.level.ServerLevel
[15Apr2025 22:32:15.448] [main/DEBUG] [net.minecraftforge.coremod.transformer.CoreModBaseTransformer/COREMOD]: Transforming net/minecraft/world/entity/EntityType
[15Apr2025 22:32:15.860] [main/DEBUG] [net.minecraftforge.coremod.transformer.CoreModBaseTransformer/COREMOD]: Transforming net/minecraft/world/level/block/LiquidBlock
[15Apr2025 22:32:15.905] [main/DEBUG] [net.minecraftforge.coremod.transformer.CoreModBaseTransformer/COREMOD]: Transforming net/minecraft/world/level/block/StairBlock
[15Apr2025 22:32:15.976] [main/DEBUG] [net.minecraftforge.coremod.transformer.CoreModBaseTransformer/COREMOD]: Transforming net/minecraft/world/level/block/FlowerPotBlock
[15Apr2025 22:32:16.981] [main/DEBUG] [net.minecraftforge.coremod.transformer.CoreModBaseTransformer/COREMOD]: Transforming net/minecraft/world/item/ItemStack
[15Apr2025 22:32:17.261] [main/DEBUG] [mixin/]: Mixing TheEndGatewayBlockEntityMixin from betterendisland.mixins.json into net.minecraft.world.level.block.entity.TheEndGatewayBlockEntity
[15Apr2025 22:32:18.026] [main/DEBUG] [net.minecraftforge.coremod.transformer.CoreModBaseTransformer/COREMOD]: Transforming net/minecraft/world/entity/animal/frog/Tadpole
[15Apr2025 22:32:18.082] [main/DEBUG] [net.minecraftforge.coremod.transformer.CoreModBaseTransformer/COREMOD]: Transforming net/minecraft/world/item/BucketItem
[15Apr2025 22:32:18.843] [main/DEBUG] [net.minecraftforge.coremod.transformer.CoreModBaseTransformer/COREMOD]: Transforming net/minecraft/world/entity/monster/Spider
[15Apr2025 22:32:18.895] [main/DEBUG] [net.minecraftforge.coremod.transformer.CoreModBaseTransformer/COREMOD]: Transforming net/minecraft/world/entity/monster/Zombie
[15Apr2025 22:32:18.996] [main/DEBUG] [net.minecraftforge.coremod.transformer.CoreModBaseTransformer/COREMOD]: Transforming net/minecraft/world/entity/monster/ZombieVillager
[15Apr2025 22:32:19.089] [main/DEBUG] [net.minecraftforge.coremod.transformer.CoreModBaseTransformer/COREMOD]: Transforming net/minecraft/world/entity/monster/Evoker$EvokerSummonSpellGoal
[15Apr2025 22:32:19.236] [main/DEBUG] [net.minecraftforge.coremod.transformer.CoreModBaseTransformer/COREMOD]: Transforming net/minecraft/world/entity/animal/horse/SkeletonTrapGoal
[15Apr2025 22:32:19.271] [main/DEBUG] [net.minecraftforge.coremod.transformer.CoreModBaseTransformer/COREMOD]: Transforming net/minecraft/world/entity/monster/Strider
[15Apr2025 22:32:19.364] [main/DEBUG] [mixin/]: Mixing ServerPlayerMixin from betterendisland.mixins.json into net.minecraft.server.level.ServerPlayer
[15Apr2025 22:32:19.418] [main/DEBUG] [net.minecraftforge.coremod.transformer.CoreModBaseTransformer/COREMOD]: Transforming net/minecraft/world/entity/npc/Villager
[15Apr2025 22:32:19.593] [main/DEBUG] [net.minecraftforge.coremod.transformer.CoreModBaseTransformer/COREMOD]: Transforming net/minecraft/world/effect/MobEffectInstance
[15Apr2025 22:32:19.703] [main/DEBUG] [mixin/]: Mixing accessor.StructureProcessorAccessor from betterdungeons.mixins.json into net.minecraft.world.level.levelgen.structure.templatesystem.StructureProcessor
[15Apr2025 22:32:19.737] [main/DEBUG] [mixin/]: Mixing DisableVanillaFortressesMixin from betterfortresses.mixins.json into net.minecraft.world.level.chunk.ChunkGenerator
[15Apr2025 22:32:19.740] [main/DEBUG] [net.minecraftforge.coremod.transformer.CoreModBaseTransformer/COREMOD]: Transforming net/minecraft/world/level/levelgen/structure/Structure
[15Apr2025 22:32:20.019] [main/DEBUG] [mixin/]: Mixing SpikeFeatureMixin from betterendisland.mixins.json into net.minecraft.world.level.levelgen.feature.SpikeFeature
[15Apr2025 22:32:20.026] [main/DEBUG] [mixin/]: Mixing EndGatewayFeatureMixin from betterendisland.mixins.json into net.minecraft.world.level.levelgen.feature.EndGatewayFeature
[15Apr2025 22:32:20.034] [main/DEBUG] [mixin/]: Mixing NoBasaltColumnsInStructuresMixin from betterdungeons.mixins.json into net.minecraft.world.level.levelgen.feature.BasaltColumnsFeature
[15Apr2025 22:32:20.045] [main/DEBUG] [mixin/]: Mixing NoBasaltColumnsInStructuresMixin from betterfortresses.mixins.json into net.minecraft.world.level.levelgen.feature.BasaltColumnsFeature
[15Apr2025 22:32:20.054] [main/DEBUG] [mixin/]: Mixing NoDeltasInStructuresMixin from betterdungeons.mixins.json into net.minecraft.world.level.levelgen.feature.DeltaFeature
[15Apr2025 22:32:20.055] [main/DEBUG] [mixin/]: Mixing NoDeltasInStructuresMixin from betterfortresses.mixins.json into net.minecraft.world.level.levelgen.feature.DeltaFeature
[15Apr2025 22:32:20.123] [main/DEBUG] [mixin/]: Mixing EndSpikeMixin from betterendisland.mixins.json into net.minecraft.world.level.levelgen.feature.SpikeFeature$EndSpike
[15Apr2025 22:32:20.176] [main/DEBUG] [net.minecraftforge.coremod.transformer.CoreModBaseTransformer/COREMOD]: Transforming net/minecraft/world/level/levelgen/structure/Structure
[15Apr2025 22:32:20.213] [main/DEBUG] [net.minecraftforge.coremod.transformer.CoreModBaseTransformer/COREMOD]: Transforming net/minecraft/world/level/levelgen/structure/structures/OceanRuinPieces$OceanRuinPiece
[15Apr2025 22:32:20.235] [main/DEBUG] [net.minecraftforge.coremod.transformer.CoreModBaseTransformer/COREMOD]: Transforming net/minecraft/world/level/levelgen/structure/structures/SwampHutPiece
[15Apr2025 22:32:20.259] [main/DEBUG] [net.minecraftforge.coremod.transformer.CoreModBaseTransformer/COREMOD]: Transforming net/minecraft/world/level/levelgen/structure/structures/OceanMonumentPieces$OceanMonumentPiece
[15Apr2025 22:32:20.290] [main/DEBUG] [net.minecraftforge.coremod.transformer.CoreModBaseTransformer/COREMOD]: Transforming net/minecraft/world/level/levelgen/structure/structures/WoodlandMansionPieces$WoodlandMansionPiece
[15Apr2025 22:32:20.410] [main/DEBUG] [net.minecraftforge.coremod.transformer.CoreModBaseTransformer/COREMOD]: Transforming net/minecraft/world/level/biome/Biome
[15Apr2025 22:32:20.726] [main/DEBUG] [net.minecraftforge.common.ForgeI18n/CORE]: Loading I18N data entries: 6268
[15Apr2025 22:32:20.746] [main/DEBUG] [net.minecraftforge.fml.ModWorkManager/LOADING]: Using 4 threads for parallel mod-loading
[15Apr2025 22:32:20.750] [main/FATAL] [net.minecraftforge.fml.ModLoader/CORE]: Error during pre-loading phase
net.minecraftforge.fml.ModLoadingException: Mod ebetterfortressesr requires 6yungsapir o1.19.4-Forge-3.10.0 or abover
7Currently, 6yungsapir7 is onnot installed
	at net.minecraftforge.fml.ModLoadingException.lambda$fromEarlyException$0(ModLoadingException.java:50) ~[fmlcore-1.19.4-45.3.3.jar%23110!/:?]
	at java.util.stream.ReferencePipeline$3$1.accept(ReferencePipeline.java:197) ~[?:?]
	at java.util.AbstractList$RandomAccessSpliterator.forEachRemaining(AbstractList.java:720) ~[?:?]
	at java.util.stream.AbstractPipeline.copyInto(AbstractPipeline.java:509) ~[?:?]
	at java.util.stream.AbstractPipeline.wrapAndCopyInto(AbstractPipeline.java:499) ~[?:?]
	at java.util.stream.ForEachOps$ForEachOp.evaluateSequential(ForEachOps.java:150) ~[?:?]
	at java.util.stream.ForEachOps$ForEachOp$OfRef.evaluateSequential(ForEachOps.java:173) ~[?:?]
	at java.util.stream.AbstractPipeline.evaluate(AbstractPipeline.java:234) ~[?:?]
	at java.util.stream.ReferencePipeline.forEach(ReferencePipeline.java:596) ~[?:?]
	at java.util.stream.ReferencePipeline$7$1.accept(ReferencePipeline.java:276) ~[?:?]
	at java.util.ArrayList$ArrayListSpliterator.forEachRemaining(ArrayList.java:1625) ~[?:?]
	at java.util.stream.AbstractPipeline.copyInto(AbstractPipeline.java:509) ~[?:?]
	at java.util.stream.AbstractPipeline.wrapAndCopyInto(AbstractPipeline.java:499) ~[?:?]
	at java.util.stream.ReduceOps$ReduceOp.evaluateSequential(ReduceOps.java:921) ~[?:?]
	at java.util.stream.AbstractPipeline.evaluate(AbstractPipeline.java:234) ~[?:?]
	at java.util.stream.ReferencePipeline.collect(ReferencePipeline.java:682) ~[?:?]
	at net.minecraftforge.fml.ModLoader.<init>(ModLoader.java:94) ~[fmlcore-1.19.4-45.3.3.jar%23110!/:?]
	at net.minecraftforge.fml.ModLoader.get(ModLoader.java:126) ~[fmlcore-1.19.4-45.3.3.jar%23110!/:?]
	at net.minecraftforge.server.loading.ServerModLoader.load(ServerModLoader.java:32) ~[forge-1.19.4-45.3.3-universal.jar%23114!/:?]
	at net.minecraft.server.Main.main(Main.java:125) ~[server-1.19.4-20230314.122934-srg.jar%23109!/:?]
	at jdk.internal.reflect.NativeMethodAccessorImpl.invoke0(Native Method) ~[?:?]
	at jdk.internal.reflect.NativeMethodAccessorImpl.invoke(NativeMethodAccessorImpl.java:77) ~[?:?]
	at jdk.internal.reflect.DelegatingMethodAccessorImpl.invoke(DelegatingMethodAccessorImpl.java:43) ~[?:?]
	at java.lang.reflect.Method.invoke(Method.java:569) ~[?:?]
	at net.minecraftforge.fml.loading.targets.CommonServerLaunchHandler.lambda$launchService$0(CommonServerLaunchHandler.java:29) ~[fmlloader-1.19.4-45.3.3.jar%2367!/:?]
	at cpw.mods.modlauncher.LaunchServiceHandlerDecorator.launch(LaunchServiceHandlerDecorator.java:30) ~[modlauncher-10.0.8.jar%2354!/:?]
	at cpw.mods.modlauncher.LaunchServiceHandler.launch(LaunchServiceHandler.java:53) ~[modlauncher-10.0.8.jar%2354!/:?]
	at cpw.mods.modlauncher.LaunchServiceHandler.launch(LaunchServiceHandler.java:71) ~[modlauncher-10.0.8.jar%2354!/:?]
	at cpw.mods.modlauncher.Launcher.run(Launcher.java:106) ~[modlauncher-10.0.8.jar%2354!/:?]
	at cpw.mods.modlauncher.Launcher.main(Launcher.java:77) ~[modlauncher-10.0.8.jar%2354!/:?]
	at cpw.mods.modlauncher.BootstrapLaunchConsumer.accept(BootstrapLaunchConsumer.java:26) ~[modlauncher-10.0.8.jar%2354!/:?]
	at cpw.mods.modlauncher.BootstrapLaunchConsumer.accept(BootstrapLaunchConsumer.java:23) ~[modlauncher-10.0.8.jar%2354!/:?]
	at cpw.mods.bootstraplauncher.BootstrapLauncher.main(BootstrapLauncher.java:141) ~[bootstraplauncher-1.1.2.jar:?]
[15Apr2025 22:32:20.789] [main/DEBUG] [net.minecraftforge.common.ForgeI18n/CORE]: Loading I18N data entries: 6268
[15Apr2025 22:32:20.791] [main/DEBUG] [oshi.util.FileUtil/]: Reading file /sys/devices/system/cpu/cpu0/topology/core_id
[15Apr2025 22:32:20.791] [main/DEBUG] [oshi.util.FileUtil/]: Reading file /sys/devices/system/cpu/cpu0/topology/core_id
[15Apr2025 22:32:20.791] [main/DEBUG] [oshi.util.FileUtil/]: Reading file /sys/devices/system/cpu/cpu0/topology/physical_package_id
[15Apr2025 22:32:20.791] [main/DEBUG] [oshi.util.FileUtil/]: Reading file /sys/devices/system/cpu/cpu0/topology/physical_package_id
[15Apr2025 22:32:20.792] [main/DEBUG] [oshi.util.FileUtil/]: Reading file /sys/devices/system/cpu/cpu0/cpu_capacity
[15Apr2025 22:32:20.792] [main/DEBUG] [oshi.util.FileUtil/]: Reading file /sys/devices/system/cpu/cpu1/topology/core_id
[15Apr2025 22:32:20.792] [main/DEBUG] [oshi.util.FileUtil/]: Reading file /sys/devices/system/cpu/cpu1/topology/core_id
[15Apr2025 22:32:20.792] [main/DEBUG] [oshi.util.FileUtil/]: Reading file /sys/devices/system/cpu/cpu1/topology/physical_package_id
[15Apr2025 22:32:20.792] [main/DEBUG] [oshi.util.FileUtil/]: Reading file /sys/devices/system/cpu/cpu1/topology/physical_package_id
[15Apr2025 22:32:20.793] [main/DEBUG] [oshi.util.FileUtil/]: Reading file /sys/devices/system/cpu/cpu1/cpu_capacity
[15Apr2025 22:32:20.793] [main/DEBUG] [oshi.util.FileUtil/]: Reading file /sys/devices/system/cpu/cpu2/topology/core_id
[15Apr2025 22:32:20.793] [main/DEBUG] [oshi.util.FileUtil/]: Reading file /sys/devices/system/cpu/cpu2/topology/core_id
[15Apr2025 22:32:20.793] [main/DEBUG] [oshi.util.FileUtil/]: Reading file /sys/devices/system/cpu/cpu2/topology/physical_package_id
[15Apr2025 22:32:20.793] [main/DEBUG] [oshi.util.FileUtil/]: Reading file /sys/devices/system/cpu/cpu2/topology/physical_package_id
[15Apr2025 22:32:20.793] [main/DEBUG] [oshi.util.FileUtil/]: Reading file /sys/devices/system/cpu/cpu2/cpu_capacity
[15Apr2025 22:32:20.794] [main/DEBUG] [oshi.util.FileUtil/]: Reading file /sys/devices/system/cpu/cpu3/topology/core_id
[15Apr2025 22:32:20.794] [main/DEBUG] [oshi.util.FileUtil/]: Reading file /sys/devices/system/cpu/cpu3/topology/core_id
[15Apr2025 22:32:20.794] [main/DEBUG] [oshi.util.FileUtil/]: Reading file /sys/devices/system/cpu/cpu3/topology/physical_package_id
[15Apr2025 22:32:20.794] [main/DEBUG] [oshi.util.FileUtil/]: Reading file /sys/devices/system/cpu/cpu3/topology/physical_package_id
[15Apr2025 22:32:20.794] [main/DEBUG] [oshi.util.FileUtil/]: Reading file /sys/devices/system/cpu/cpu3/cpu_capacity
[15Apr2025 22:32:20.795] [main/DEBUG] [oshi.util.FileUtil/]: Reading file /proc/cpuinfo
[15Apr2025 22:32:20.800] [main/DEBUG] [oshi.util.FileUtil/]: Reading file /proc/self/auxv
[15Apr2025 22:32:20.800] [main/DEBUG] [oshi.util.FileUtil/]: No oshi.architecture.properties file found from ClassLoader cpw.mods.modlauncher.TransformingClassLoader@44ed0a8f
[15Apr2025 22:32:20.800] [main/DEBUG] [oshi.util.FileUtil/]: No oshi.architecture.properties file found from ClassLoader jdk.internal.loader.ClassLoaders$AppClassLoader@76ed5528
[15Apr2025 22:32:20.806] [main/DEBUG] [oshi.util.FileUtil/]: Reading file /proc/meminfo
[15Apr2025 22:32:20.807] [main/DEBUG] [oshi.util.FileUtil/]: Reading file /proc/meminfo
[15Apr2025 22:32:20.829] [main/FATAL] [net.minecraftforge.server.loading.ServerModLoader/]: Crash report saved to ./crash-reports/crash-2025-04-15_22.32.20-fml.txt
[15Apr2025 22:32:20.831] [main/ERROR] [net.minecraft.server.Main/FATAL]: Failed to start the minecraft server
net.minecraftforge.fml.LoadingFailedException: Loading errors encountered: [
	Mod ebetterfortressesr requires 6yungsapir o1.19.4-Forge-3.10.0 or abover
7Currently, 6yungsapir7 is onnot installed,
	Mod ebetterendislandr requires 6yungsapir o1.19.4-Forge-3.10.1 or abover
7Currently, 6yungsapir7 is onnot installed,
	Mod ebetterdungeonsr requires 6yungsapir o1.19.4-Forge-3.10.0 or abover
7Currently, 6yungsapir7 is onnot installed
]
	at net.minecraftforge.fml.ModLoader.gatherAndInitializeMods(ModLoader.java:147) ~[fmlcore-1.19.4-45.3.3.jar%23110!/:?]
	at net.minecraftforge.server.loading.ServerModLoader.load(ServerModLoader.java:32) ~[forge-1.19.4-45.3.3-universal.jar%23114!/:?]
	at net.minecraft.server.Main.main(Main.java:125) ~[server-1.19.4-20230314.122934-srg.jar%23109!/:?]
	at jdk.internal.reflect.NativeMethodAccessorImpl.invoke0(Native Method) ~[?:?]
	at jdk.internal.reflect.NativeMethodAccessorImpl.invoke(NativeMethodAccessorImpl.java:77) ~[?:?]
	at jdk.internal.reflect.DelegatingMethodAccessorImpl.invoke(DelegatingMethodAccessorImpl.java:43) ~[?:?]
	at java.lang.reflect.Method.invoke(Method.java:569) ~[?:?]
	at net.minecraftforge.fml.loading.targets.CommonServerLaunchHandler.lambda$launchService$0(CommonServerLaunchHandler.java:29) ~[fmlloader-1.19.4-45.3.3.jar%2367!/:?]
	at cpw.mods.modlauncher.LaunchServiceHandlerDecorator.launch(LaunchServiceHandlerDecorator.java:30) ~[modlauncher-10.0.8.jar%2354!/:?]
	at cpw.mods.modlauncher.LaunchServiceHandler.launch(LaunchServiceHandler.java:53) ~[modlauncher-10.0.8.jar%2354!/:?]
	at cpw.mods.modlauncher.LaunchServiceHandler.launch(LaunchServiceHandler.java:71) ~[modlauncher-10.0.8.jar%2354!/:?]
	at cpw.mods.modlauncher.Launcher.run(Launcher.java:106) ~[modlauncher-10.0.8.jar%2354!/:?]
	at cpw.mods.modlauncher.Launcher.main(Launcher.java:77) ~[modlauncher-10.0.8.jar%2354!/:?]
	at cpw.mods.modlauncher.BootstrapLaunchConsumer.accept(BootstrapLaunchConsumer.java:26) ~[modlauncher-10.0.8.jar%2354!/:?]
	at cpw.mods.modlauncher.BootstrapLaunchConsumer.accept(BootstrapLaunchConsumer.java:23) ~[modlauncher-10.0.8.jar%2354!/:?]
	at cpw.mods.bootstraplauncher.BootstrapLauncher.main(BootstrapLauncher.java:141) ~[bootstraplauncher-1.1.2.jar:?]
